[05/10/24 12:35:45]: /opt/linux/rocky/8.x/x86_64/pkgs/amptk/1.6/bin/amptk taxonomy -f ECDRE_Y0_1_16S_ASV_CAonly_20240501.cluster.otus.fa -i ECDRE_Y0_1_16S_ASV_CAonly_20240501.cluster.otu_table.txt -d 16S

[05/10/24 12:35:45]: OS: Rocky Linux 8.8, 256 cores, ~ 1057 GB RAM. Python: 3.10.0
[05/10/24 12:35:45]: Python Modules: numpy v1.24.2, pandas v1.5.3, matplotlib v3.7.1, psutil v5.9.4, natsort v8.3.1, biopython v1.81, edlib v1.3.9, biom-format v2.1.14
[05/10/24 12:35:45]: AMPtk v1.6.0, VSEARCH v2.22.1
[05/10/24 12:35:45]: Loading FASTA Records
[05/10/24 12:35:45]: 24,401 OTUs
[05/10/24 12:35:45]: Global alignment OTUs with usearch_global (VSEARCH) against 16S.udb
[05/10/24 12:35:45]: vsearch --usearch_global ECDRE_Y0_1_16S_ASV_CAonly_20240501.cluster.otus.fa --db /bigdata/operations/pkgadmin/opt/linux/centos/8.x/x86_64/pkgs/amptk/1.6/lib/python3.10/site-packages/amptk/DB/16S.udb --userout ECDRE_Y0_1_16S_ASV_CAonly_20240501.cluster.usearch.txt --id 0.7 --strand both --output_no_hits --maxaccepts 500 --top_hits_only --userfields query+target+id --notrunclabels --threads 256
[05/10/24 12:37:09]: vsearch v2.22.1_linux_x86_64, 1007.7GB RAM, 256 cores
https://github.com/torognes/vsearch

Reading UDB file /bigdata/operations/pkgadmin/opt/linux/centos/8.x/x86_64/pkgs/amptk/1.6/lib/python3.10/site-packages/amptk/DB/16S.udb 100%
Reorganizing data in memory 100%
Creating bitmaps 100%
Parsing abundances 100%
18961589 nt in 13118 seqs, min 320, max 2205, avg 1445
Searching 100%
Matching unique query sequences: 22666 of 24401 (92.89%)

[05/10/24 12:37:09]: Classifying OTUs with SINTAX (VSEARCH)
[05/10/24 12:37:09]: vsearch --sintax ECDRE_Y0_1_16S_ASV_CAonly_20240501.cluster.otus.fa --db /bigdata/operations/pkgadmin/opt/linux/centos/8.x/x86_64/pkgs/amptk/1.6/lib/python3.10/site-packages/amptk/DB/16S_SINTAX.udb --tabbedout ECDRE_Y0_1_16S_ASV_CAonly_20240501.cluster.sintax.txt -sintax_cutoff 0.8 --threads 256 --notrunclabels
[05/10/24 12:37:40]: vsearch v2.22.1_linux_x86_64, 1007.7GB RAM, 256 cores
https://github.com/torognes/vsearch

Reading UDB file /bigdata/operations/pkgadmin/opt/linux/centos/8.x/x86_64/pkgs/amptk/1.6/lib/python3.10/site-packages/amptk/DB/16S_SINTAX.udb 100%
Reorganizing data in memory 100%
Creating bitmaps 100%
Parsing abundances 100%
18961589 nt in 13118 seqs, min 320, max 2205, avg 1445
Classifying sequences 100%
Classified 21147 of 24401 sequences (86.66%)

[05/10/24 12:37:40]: SINTAX results parsed, resulting in 21,147 taxonomy predictions
[05/10/24 12:37:42]: Global alignment results parsed, resulting in 24,401 taxonomy predictions
[05/10/24 12:37:43]: Combined OTU taxonomy dictionary contains 24,401 taxonomy predictions
[05/10/24 12:37:43]: Appending taxonomy to OTU table and OTUs
[05/10/24 12:37:45]: Generating phylogenetic tree (MAFFT/FastTree)
[05/10/24 12:37:45]: mafft ECDRE_Y0_1_16S_ASV_CAonly_20240501.cluster.otus.fa
[05/10/24 12:48:38]: fasttree -nt ECDRE_Y0_1_16S_ASV_CAonly_20240501.cluster.mafft.fasta
[05/10/24 13:06:26]: Taxonomy finished: ECDRE_Y0_1_16S_ASV_CAonly_20240501.cluster.taxonomy.txt
[05/10/24 13:06:26]: Classic OTU table with taxonomy: ECDRE_Y0_1_16S_ASV_CAonly_20240501.cluster.otu_table.taxonomy.txt
[05/10/24 13:06:27]: biom convert -i ECDRE_Y0_1_16S_ASV_CAonly_20240501.cluster.otu_table.txt -o ECDRE_Y0_1_16S_ASV_CAonly_20240501.cluster.biom.tmp --table-type OTU table --to-json
[05/10/24 13:06:32]: biom add-metadata -i ECDRE_Y0_1_16S_ASV_CAonly_20240501.cluster.biom.tmp -o ECDRE_Y0_1_16S_ASV_CAonly_20240501.cluster.biom --observation-metadata-fp ECDRE_Y0_1_16S_ASV_CAonly_20240501.cluster.qiime.taxonomy.txt --sc-separated taxonomy --output-as-json
[05/10/24 13:06:36]: BIOM OTU table created: ECDRE_Y0_1_16S_ASV_CAonly_20240501.cluster.biom
[05/10/24 13:06:36]: OTUs with taxonomy: ECDRE_Y0_1_16S_ASV_CAonly_20240501.cluster.otus.taxonomy.fa
[05/10/24 13:06:36]: OTU phylogeny: ECDRE_Y0_1_16S_ASV_CAonly_20240501.cluster.tree.phy
