[05/02/24 19:54:06]: /opt/linux/rocky/8.x/x86_64/pkgs/amptk/1.6/bin/amptk taxonomy -f ECDRE_Y0_1_ASV_FLonly_20240501.ASVs.fa -i ECDRE_Y0_1_ASV_FLonly_20240501.otu_table.txt -d FungiITSrefseq -o ECDRE_Y0_1_ASV_FLonly_20240501.ASVs.NCBI --cpus 48

[05/02/24 19:54:06]: OS: Rocky Linux 8.8, 256 cores, ~ 1057 GB RAM. Python: 3.10.0
[05/02/24 19:54:06]: Python Modules: numpy v1.24.2, pandas v1.5.3, matplotlib v3.7.1, psutil v5.9.4, natsort v8.3.1, biopython v1.81, edlib v1.3.9, biom-format v2.1.14
[05/02/24 19:54:06]: AMPtk v1.6.0, VSEARCH v2.22.1
[05/02/24 19:54:06]: Loading FASTA Records
[05/02/24 19:54:06]: 46,214 OTUs
[05/02/24 19:54:06]: Global alignment OTUs with usearch_global (VSEARCH) against FungiITSrefseq.udb
[05/02/24 19:54:06]: vsearch --usearch_global ECDRE_Y0_1_ASV_FLonly_20240501.ASVs.fa --db /bigdata/operations/pkgadmin/opt/linux/centos/8.x/x86_64/pkgs/amptk/1.6/lib/python3.10/site-packages/amptk/DB/FungiITSrefseq.udb --userout ECDRE_Y0_1_ASV_FLonly_20240501.ASVs.NCBI.usearch.txt --id 0.7 --strand both --output_no_hits --maxaccepts 500 --top_hits_only --userfields query+target+id --notrunclabels --threads 48
[05/02/24 19:54:11]: vsearch v2.22.1_linux_x86_64, 1007.7GB RAM, 256 cores
https://github.com/torognes/vsearch

Reading UDB file /bigdata/operations/pkgadmin/opt/linux/centos/8.x/x86_64/pkgs/amptk/1.6/lib/python3.10/site-packages/amptk/DB/FungiITSrefseq.udb 100%
Reorganizing data in memory 100%
Creating bitmaps 100%
Parsing abundances 100%
4416765 nt in 16563 seqs, min 108, max 1381, avg 267
Searching 100%
Matching unique query sequences: 3211 of 46214 (6.95%)

[05/02/24 19:54:11]: Classifying OTUs with SINTAX (VSEARCH)
[05/02/24 19:54:11]: vsearch --sintax ECDRE_Y0_1_ASV_FLonly_20240501.ASVs.fa --db /bigdata/operations/pkgadmin/opt/linux/centos/8.x/x86_64/pkgs/amptk/1.6/lib/python3.10/site-packages/amptk/DB/FungiITSrefseq_SINTAX.udb --tabbedout ECDRE_Y0_1_ASV_FLonly_20240501.ASVs.NCBI.sintax.txt -sintax_cutoff 0.8 --threads 48 --notrunclabels
[05/02/24 19:55:00]: vsearch v2.22.1_linux_x86_64, 1007.7GB RAM, 256 cores
https://github.com/torognes/vsearch

Reading UDB file /bigdata/operations/pkgadmin/opt/linux/centos/8.x/x86_64/pkgs/amptk/1.6/lib/python3.10/site-packages/amptk/DB/FungiITSrefseq_SINTAX.udb 100%
Reorganizing data in memory 100%
Creating bitmaps 100%
Parsing abundances 100%
4263354 nt in 15950 seqs, min 108, max 1381, avg 267
Classifying sequences 100%
Classified 198 of 46214 sequences (0.43%)

[05/02/24 19:55:00]: SINTAX results parsed, resulting in 198 taxonomy predictions
[05/02/24 19:55:01]: Global alignment results parsed, resulting in 46,214 taxonomy predictions
[05/02/24 19:55:02]: Combined OTU taxonomy dictionary contains 46,214 taxonomy predictions
[05/02/24 19:55:02]: Appending taxonomy to OTU table and OTUs
[05/02/24 19:55:07]: Generating phylogenetic tree (MAFFT/FastTree)
[05/02/24 19:55:07]: mafft ECDRE_Y0_1_ASV_FLonly_20240501.ASVs.fa
[05/02/24 21:05:01]: fasttree -nt ECDRE_Y0_1_ASV_FLonly_20240501.ASVs.NCBI.mafft.fasta
[05/02/24 22:57:12]: Taxonomy finished: ECDRE_Y0_1_ASV_FLonly_20240501.ASVs.NCBI.taxonomy.txt
[05/02/24 22:57:12]: Classic OTU table with taxonomy: ECDRE_Y0_1_ASV_FLonly_20240501.ASVs.NCBI.otu_table.taxonomy.txt
[05/02/24 22:57:20]: biom convert -i ECDRE_Y0_1_ASV_FLonly_20240501.otu_table.txt -o ECDRE_Y0_1_ASV_FLonly_20240501.ASVs.NCBI.biom.tmp --table-type OTU table --to-json
[05/02/24 22:57:33]: biom add-metadata -i ECDRE_Y0_1_ASV_FLonly_20240501.ASVs.NCBI.biom.tmp -o ECDRE_Y0_1_ASV_FLonly_20240501.ASVs.NCBI.biom --observation-metadata-fp ECDRE_Y0_1_ASV_FLonly_20240501.ASVs.NCBI.qiime.taxonomy.txt --sc-separated taxonomy --output-as-json
[05/02/24 22:57:42]: BIOM OTU table created: ECDRE_Y0_1_ASV_FLonly_20240501.ASVs.NCBI.biom
[05/02/24 22:57:42]: OTUs with taxonomy: ECDRE_Y0_1_ASV_FLonly_20240501.ASVs.NCBI.otus.taxonomy.fa
[05/02/24 22:57:42]: OTU phylogeny: ECDRE_Y0_1_ASV_FLonly_20240501.ASVs.NCBI.tree.phy
