[05/02/24 16:08:52]: /opt/linux/rocky/8.x/x86_64/pkgs/amptk/1.6/bin/amptk taxonomy -f ECDRE_Y0_1_ASV_CA_only_20240501.ASVs.fa -i ECDRE_Y0_1_ASV_CA_only_20240501.otu_table.txt -d ITS1 -o ECDRE_Y0_1_ASV_CA_only_20240501.ASVs.UNITE_ITS1 --cpus 48

[05/02/24 16:08:52]: OS: Rocky Linux 8.8, 64 cores, ~ 528 GB RAM. Python: 3.10.0
[05/02/24 16:08:52]: Python Modules: numpy v1.24.2, pandas v1.5.3, matplotlib v3.7.1, psutil v5.9.4, natsort v8.3.1, biopython v1.81, edlib v1.3.9, biom-format v2.1.14
[05/02/24 16:08:52]: AMPtk v1.6.0, VSEARCH v2.22.1
[05/02/24 16:08:52]: Loading FASTA Records
[05/02/24 16:08:52]: 14,108 OTUs
[05/02/24 16:08:52]: Global alignment OTUs with usearch_global (VSEARCH) against ITS.udb
[05/02/24 16:08:52]: vsearch --usearch_global ECDRE_Y0_1_ASV_CA_only_20240501.ASVs.fa --db /bigdata/operations/pkgadmin/opt/linux/centos/8.x/x86_64/pkgs/amptk/1.6/lib/python3.10/site-packages/amptk/DB/ITS.udb --userout ECDRE_Y0_1_ASV_CA_only_20240501.ASVs.UNITE_ITS1.usearch.txt --id 0.7 --strand both --output_no_hits --maxaccepts 500 --top_hits_only --userfields query+target+id --notrunclabels --threads 48
[05/02/24 16:10:11]: vsearch v2.22.1_linux_x86_64, 503.8GB RAM, 64 cores
https://github.com/torognes/vsearch

Reading UDB file /bigdata/operations/pkgadmin/opt/linux/centos/8.x/x86_64/pkgs/amptk/1.6/lib/python3.10/site-packages/amptk/DB/ITS.udb 100%
Reorganizing data in memory 100%
Creating bitmaps 100%
Parsing abundances 100%
1376309086 nt in 4133329 seqs, min 100, max 6778, avg 333
Searching 100%
Matching unique query sequences: 5662 of 14108 (40.13%)

[05/02/24 16:10:11]: Classifying OTUs with SINTAX (VSEARCH)
[05/02/24 16:10:11]: vsearch --sintax ECDRE_Y0_1_ASV_CA_only_20240501.ASVs.fa --db /bigdata/operations/pkgadmin/opt/linux/centos/8.x/x86_64/pkgs/amptk/1.6/lib/python3.10/site-packages/amptk/DB/ITS1_SINTAX.udb --tabbedout ECDRE_Y0_1_ASV_CA_only_20240501.ASVs.UNITE_ITS1.sintax.txt -sintax_cutoff 0.8 --threads 48 --notrunclabels
[05/02/24 16:10:33]: vsearch v2.22.1_linux_x86_64, 503.8GB RAM, 64 cores
https://github.com/torognes/vsearch

Reading UDB file /bigdata/operations/pkgadmin/opt/linux/centos/8.x/x86_64/pkgs/amptk/1.6/lib/python3.10/site-packages/amptk/DB/ITS1_SINTAX.udb 100%
Reorganizing data in memory 100%
Creating bitmaps 100%
Parsing abundances 100%
63085060 nt in 221109 seqs, min 100, max 3796, avg 285
Classifying sequences 100%
Classified 8558 of 14108 sequences (60.66%)

[05/02/24 16:10:33]: SINTAX results parsed, resulting in 8,512 taxonomy predictions
[05/02/24 16:10:34]: Global alignment results parsed, resulting in 14,108 taxonomy predictions
[05/02/24 16:10:35]: Combined OTU taxonomy dictionary contains 14,108 taxonomy predictions
[05/02/24 16:10:35]: Appending taxonomy to OTU table and OTUs
[05/02/24 16:10:36]: Generating phylogenetic tree (MAFFT/FastTree)
[05/02/24 16:10:36]: mafft ECDRE_Y0_1_ASV_CA_only_20240501.ASVs.fa
[05/02/24 16:19:19]: fasttree -nt ECDRE_Y0_1_ASV_CA_only_20240501.ASVs.UNITE_ITS1.mafft.fasta
[05/02/24 16:47:58]: Taxonomy finished: ECDRE_Y0_1_ASV_CA_only_20240501.ASVs.UNITE_ITS1.taxonomy.txt
[05/02/24 16:47:58]: Classic OTU table with taxonomy: ECDRE_Y0_1_ASV_CA_only_20240501.ASVs.UNITE_ITS1.otu_table.taxonomy.txt
[05/02/24 16:47:59]: biom convert -i ECDRE_Y0_1_ASV_CA_only_20240501.otu_table.txt -o ECDRE_Y0_1_ASV_CA_only_20240501.ASVs.UNITE_ITS1.biom.tmp --table-type OTU table --to-json
[05/02/24 16:48:03]: biom add-metadata -i ECDRE_Y0_1_ASV_CA_only_20240501.ASVs.UNITE_ITS1.biom.tmp -o ECDRE_Y0_1_ASV_CA_only_20240501.ASVs.UNITE_ITS1.biom --observation-metadata-fp ECDRE_Y0_1_ASV_CA_only_20240501.ASVs.UNITE_ITS1.qiime.taxonomy.txt --sc-separated taxonomy --output-as-json
[05/02/24 16:48:07]: BIOM OTU table created: ECDRE_Y0_1_ASV_CA_only_20240501.ASVs.UNITE_ITS1.biom
[05/02/24 16:48:07]: OTUs with taxonomy: ECDRE_Y0_1_ASV_CA_only_20240501.ASVs.UNITE_ITS1.otus.taxonomy.fa
[05/02/24 16:48:07]: OTU phylogeny: ECDRE_Y0_1_ASV_CA_only_20240501.ASVs.UNITE_ITS1.tree.phy
