[05/02/24 15:10:07]: /opt/linux/rocky/8.x/x86_64/pkgs/amptk/1.6/bin/amptk taxonomy -f ECDRE_Y0_1_ASV_CA_only_20240501.ASVs.fa -i ECDRE_Y0_1_ASV_CA_only_20240501.otu_table.txt -d ITS -o ECDRE_Y0_1_ASV_CA_only_20240501.ASVs.UNITE --cpus 48

[05/02/24 15:10:07]: OS: Rocky Linux 8.8, 64 cores, ~ 528 GB RAM. Python: 3.10.0
[05/02/24 15:10:07]: Python Modules: numpy v1.24.2, pandas v1.5.3, matplotlib v3.7.1, psutil v5.9.4, natsort v8.3.1, biopython v1.81, edlib v1.3.9, biom-format v2.1.14
[05/02/24 15:10:07]: AMPtk v1.6.0, VSEARCH v2.22.1
[05/02/24 15:10:07]: Loading FASTA Records
[05/02/24 15:10:07]: 14,108 OTUs
[05/02/24 15:10:07]: Global alignment OTUs with usearch_global (VSEARCH) against ITS.udb
[05/02/24 15:10:07]: vsearch --usearch_global ECDRE_Y0_1_ASV_CA_only_20240501.ASVs.fa --db /bigdata/operations/pkgadmin/opt/linux/centos/8.x/x86_64/pkgs/amptk/1.6/lib/python3.10/site-packages/amptk/DB/ITS.udb --userout ECDRE_Y0_1_ASV_CA_only_20240501.ASVs.UNITE.usearch.txt --id 0.7 --strand both --output_no_hits --maxaccepts 500 --top_hits_only --userfields query+target+id --notrunclabels --threads 48
[05/02/24 15:11:27]: vsearch v2.22.1_linux_x86_64, 503.8GB RAM, 64 cores
https://github.com/torognes/vsearch

Reading UDB file /bigdata/operations/pkgadmin/opt/linux/centos/8.x/x86_64/pkgs/amptk/1.6/lib/python3.10/site-packages/amptk/DB/ITS.udb 100%
Reorganizing data in memory 100%
Creating bitmaps 100%
Parsing abundances 100%
1376309086 nt in 4133329 seqs, min 100, max 6778, avg 333
Searching 100%
Matching unique query sequences: 5662 of 14108 (40.13%)

[05/02/24 15:11:27]: Classifying OTUs with SINTAX (VSEARCH)
[05/02/24 15:11:27]: vsearch --sintax ECDRE_Y0_1_ASV_CA_only_20240501.ASVs.fa --db /bigdata/operations/pkgadmin/opt/linux/centos/8.x/x86_64/pkgs/amptk/1.6/lib/python3.10/site-packages/amptk/DB/ITS_SINTAX.udb --tabbedout ECDRE_Y0_1_ASV_CA_only_20240501.ASVs.UNITE.sintax.txt -sintax_cutoff 0.8 --threads 48 --notrunclabels
[05/02/24 15:11:48]: vsearch v2.22.1_linux_x86_64, 503.8GB RAM, 64 cores
https://github.com/torognes/vsearch

Reading UDB file /bigdata/operations/pkgadmin/opt/linux/centos/8.x/x86_64/pkgs/amptk/1.6/lib/python3.10/site-packages/amptk/DB/ITS_SINTAX.udb 100%
Reorganizing data in memory 100%
Creating bitmaps 100%
Parsing abundances 100%
75856750 nt in 222589 seqs, min 100, max 6778, avg 341
Classifying sequences 100%
Classified 1103 of 14108 sequences (7.82%)

[05/02/24 15:11:48]: SINTAX results parsed, resulting in 1,034 taxonomy predictions
[05/02/24 15:11:49]: Global alignment results parsed, resulting in 14,108 taxonomy predictions
[05/02/24 15:11:50]: Combined OTU taxonomy dictionary contains 14,108 taxonomy predictions
[05/02/24 15:11:50]: Appending taxonomy to OTU table and OTUs
[05/02/24 15:11:51]: Generating phylogenetic tree (MAFFT/FastTree)
[05/02/24 15:11:51]: mafft ECDRE_Y0_1_ASV_CA_only_20240501.ASVs.fa
[05/02/24 15:20:33]: fasttree -nt ECDRE_Y0_1_ASV_CA_only_20240501.ASVs.UNITE.mafft.fasta
[05/02/24 15:49:47]: Taxonomy finished: ECDRE_Y0_1_ASV_CA_only_20240501.ASVs.UNITE.taxonomy.txt
[05/02/24 15:49:48]: Classic OTU table with taxonomy: ECDRE_Y0_1_ASV_CA_only_20240501.ASVs.UNITE.otu_table.taxonomy.txt
[05/02/24 15:49:49]: biom convert -i ECDRE_Y0_1_ASV_CA_only_20240501.otu_table.txt -o ECDRE_Y0_1_ASV_CA_only_20240501.ASVs.UNITE.biom.tmp --table-type OTU table --to-json
[05/02/24 15:49:53]: biom add-metadata -i ECDRE_Y0_1_ASV_CA_only_20240501.ASVs.UNITE.biom.tmp -o ECDRE_Y0_1_ASV_CA_only_20240501.ASVs.UNITE.biom --observation-metadata-fp ECDRE_Y0_1_ASV_CA_only_20240501.ASVs.UNITE.qiime.taxonomy.txt --sc-separated taxonomy --output-as-json
[05/02/24 15:49:57]: BIOM OTU table created: ECDRE_Y0_1_ASV_CA_only_20240501.ASVs.UNITE.biom
[05/02/24 15:49:57]: OTUs with taxonomy: ECDRE_Y0_1_ASV_CA_only_20240501.ASVs.UNITE.otus.taxonomy.fa
[05/02/24 15:49:57]: OTU phylogeny: ECDRE_Y0_1_ASV_CA_only_20240501.ASVs.UNITE.tree.phy
