[05/02/24 14:13:53]: /opt/linux/rocky/8.x/x86_64/pkgs/amptk/1.6/bin/amptk taxonomy -f ECDRE_Y0_1_ASV_CA_only_20240501.ASVs.fa -i ECDRE_Y0_1_ASV_CA_only_20240501.otu_table.txt -d FungiITSrefseq -o ECDRE_Y0_1_ASV_CA_only_20240501.ASVs.NCBI --cpus 48

[05/02/24 14:13:53]: OS: Rocky Linux 8.8, 64 cores, ~ 528 GB RAM. Python: 3.10.0
[05/02/24 14:13:53]: Python Modules: numpy v1.24.2, pandas v1.5.3, matplotlib v3.7.1, psutil v5.9.4, natsort v8.3.1, biopython v1.81, edlib v1.3.9, biom-format v2.1.14
[05/02/24 14:13:53]: AMPtk v1.6.0, VSEARCH v2.22.1
[05/02/24 14:13:53]: Loading FASTA Records
[05/02/24 14:13:53]: 14,108 OTUs
[05/02/24 14:13:53]: Global alignment OTUs with usearch_global (VSEARCH) against FungiITSrefseq.udb
[05/02/24 14:13:53]: vsearch --usearch_global ECDRE_Y0_1_ASV_CA_only_20240501.ASVs.fa --db /bigdata/operations/pkgadmin/opt/linux/centos/8.x/x86_64/pkgs/amptk/1.6/lib/python3.10/site-packages/amptk/DB/FungiITSrefseq.udb --userout ECDRE_Y0_1_ASV_CA_only_20240501.ASVs.NCBI.usearch.txt --id 0.7 --strand both --output_no_hits --maxaccepts 500 --top_hits_only --userfields query+target+id --notrunclabels --threads 48
[05/02/24 14:13:55]: vsearch v2.22.1_linux_x86_64, 503.8GB RAM, 64 cores
https://github.com/torognes/vsearch

Reading UDB file /bigdata/operations/pkgadmin/opt/linux/centos/8.x/x86_64/pkgs/amptk/1.6/lib/python3.10/site-packages/amptk/DB/FungiITSrefseq.udb 100%
Reorganizing data in memory 100%
Creating bitmaps 100%
Parsing abundances 100%
4416765 nt in 16563 seqs, min 108, max 1381, avg 267
Searching 100%
Matching unique query sequences: 924 of 14108 (6.55%)

[05/02/24 14:13:55]: Classifying OTUs with SINTAX (VSEARCH)
[05/02/24 14:13:55]: vsearch --sintax ECDRE_Y0_1_ASV_CA_only_20240501.ASVs.fa --db /bigdata/operations/pkgadmin/opt/linux/centos/8.x/x86_64/pkgs/amptk/1.6/lib/python3.10/site-packages/amptk/DB/FungiITSrefseq_SINTAX.udb --tabbedout ECDRE_Y0_1_ASV_CA_only_20240501.ASVs.NCBI.sintax.txt -sintax_cutoff 0.8 --threads 48 --notrunclabels
[05/02/24 14:14:15]: vsearch v2.22.1_linux_x86_64, 503.8GB RAM, 64 cores
https://github.com/torognes/vsearch

Reading UDB file /bigdata/operations/pkgadmin/opt/linux/centos/8.x/x86_64/pkgs/amptk/1.6/lib/python3.10/site-packages/amptk/DB/FungiITSrefseq_SINTAX.udb 100%
Reorganizing data in memory 100%
Creating bitmaps 100%
Parsing abundances 100%
4263354 nt in 15950 seqs, min 108, max 1381, avg 267
Classifying sequences 100%
Classified 119 of 14108 sequences (0.84%)

[05/02/24 14:14:15]: SINTAX results parsed, resulting in 119 taxonomy predictions
[05/02/24 14:14:15]: Global alignment results parsed, resulting in 14,108 taxonomy predictions
[05/02/24 14:14:16]: Combined OTU taxonomy dictionary contains 14,108 taxonomy predictions
[05/02/24 14:14:16]: Appending taxonomy to OTU table and OTUs
[05/02/24 14:14:17]: Generating phylogenetic tree (MAFFT/FastTree)
[05/02/24 14:14:17]: mafft ECDRE_Y0_1_ASV_CA_only_20240501.ASVs.fa
[05/02/24 14:22:59]: fasttree -nt ECDRE_Y0_1_ASV_CA_only_20240501.ASVs.NCBI.mafft.fasta
[05/02/24 14:51:25]: Taxonomy finished: ECDRE_Y0_1_ASV_CA_only_20240501.ASVs.NCBI.taxonomy.txt
[05/02/24 14:51:25]: Classic OTU table with taxonomy: ECDRE_Y0_1_ASV_CA_only_20240501.ASVs.NCBI.otu_table.taxonomy.txt
[05/02/24 14:51:36]: biom convert -i ECDRE_Y0_1_ASV_CA_only_20240501.otu_table.txt -o ECDRE_Y0_1_ASV_CA_only_20240501.ASVs.NCBI.biom.tmp --table-type OTU table --to-json
[05/02/24 14:51:40]: biom add-metadata -i ECDRE_Y0_1_ASV_CA_only_20240501.ASVs.NCBI.biom.tmp -o ECDRE_Y0_1_ASV_CA_only_20240501.ASVs.NCBI.biom --observation-metadata-fp ECDRE_Y0_1_ASV_CA_only_20240501.ASVs.NCBI.qiime.taxonomy.txt --sc-separated taxonomy --output-as-json
[05/02/24 14:51:44]: BIOM OTU table created: ECDRE_Y0_1_ASV_CA_only_20240501.ASVs.NCBI.biom
[05/02/24 14:51:44]: OTUs with taxonomy: ECDRE_Y0_1_ASV_CA_only_20240501.ASVs.NCBI.otus.taxonomy.fa
[05/02/24 14:51:44]: OTU phylogeny: ECDRE_Y0_1_ASV_CA_only_20240501.ASVs.NCBI.tree.phy
