[05/02/24 16:48:08]: /opt/linux/rocky/8.x/x86_64/pkgs/amptk/1.6/bin/amptk taxonomy -f ECDRE_Y0_1_ASV_CA_only_20240501.cluster.otus.fa -i ECDRE_Y0_1_ASV_CA_only_20240501.cluster.otu_table.txt -d ITS1 -o ECDRE_Y0_1_ASV_CA_only_20240501.OTU.UNITE_ITS1 --cpus 48

[05/02/24 16:48:08]: OS: Rocky Linux 8.8, 64 cores, ~ 528 GB RAM. Python: 3.10.0
[05/02/24 16:48:08]: Python Modules: numpy v1.24.2, pandas v1.5.3, matplotlib v3.7.1, psutil v5.9.4, natsort v8.3.1, biopython v1.81, edlib v1.3.9, biom-format v2.1.14
[05/02/24 16:48:08]: AMPtk v1.6.0, VSEARCH v2.22.1
[05/02/24 16:48:08]: Loading FASTA Records
[05/02/24 16:48:08]: 7,654 OTUs
[05/02/24 16:48:08]: Global alignment OTUs with usearch_global (VSEARCH) against ITS.udb
[05/02/24 16:48:08]: vsearch --usearch_global ECDRE_Y0_1_ASV_CA_only_20240501.cluster.otus.fa --db /bigdata/operations/pkgadmin/opt/linux/centos/8.x/x86_64/pkgs/amptk/1.6/lib/python3.10/site-packages/amptk/DB/ITS.udb --userout ECDRE_Y0_1_ASV_CA_only_20240501.OTU.UNITE_ITS1.usearch.txt --id 0.7 --strand both --output_no_hits --maxaccepts 500 --top_hits_only --userfields query+target+id --notrunclabels --threads 48
[05/02/24 16:48:53]: vsearch v2.22.1_linux_x86_64, 503.8GB RAM, 64 cores
https://github.com/torognes/vsearch

Reading UDB file /bigdata/operations/pkgadmin/opt/linux/centos/8.x/x86_64/pkgs/amptk/1.6/lib/python3.10/site-packages/amptk/DB/ITS.udb 100%
Reorganizing data in memory 100%
Creating bitmaps 100%
Parsing abundances 100%
1376309086 nt in 4133329 seqs, min 100, max 6778, avg 333
Searching 100%
Matching unique query sequences: 2851 of 7654 (37.25%)

[05/02/24 16:48:53]: Classifying OTUs with SINTAX (VSEARCH)
[05/02/24 16:48:53]: vsearch --sintax ECDRE_Y0_1_ASV_CA_only_20240501.cluster.otus.fa --db /bigdata/operations/pkgadmin/opt/linux/centos/8.x/x86_64/pkgs/amptk/1.6/lib/python3.10/site-packages/amptk/DB/ITS1_SINTAX.udb --tabbedout ECDRE_Y0_1_ASV_CA_only_20240501.OTU.UNITE_ITS1.sintax.txt -sintax_cutoff 0.8 --threads 48 --notrunclabels
[05/02/24 16:49:05]: vsearch v2.22.1_linux_x86_64, 503.8GB RAM, 64 cores
https://github.com/torognes/vsearch

Reading UDB file /bigdata/operations/pkgadmin/opt/linux/centos/8.x/x86_64/pkgs/amptk/1.6/lib/python3.10/site-packages/amptk/DB/ITS1_SINTAX.udb 100%
Reorganizing data in memory 100%
Creating bitmaps 100%
Parsing abundances 100%
63085060 nt in 221109 seqs, min 100, max 3796, avg 285
Classifying sequences 100%
Classified 4461 of 7654 sequences (58.28%)

[05/02/24 16:49:05]: SINTAX results parsed, resulting in 4,437 taxonomy predictions
[05/02/24 16:49:05]: Global alignment results parsed, resulting in 7,654 taxonomy predictions
[05/02/24 16:49:06]: Combined OTU taxonomy dictionary contains 7,654 taxonomy predictions
[05/02/24 16:49:06]: Appending taxonomy to OTU table and OTUs
[05/02/24 16:49:06]: Generating phylogenetic tree (MAFFT/FastTree)
[05/02/24 16:49:06]: mafft ECDRE_Y0_1_ASV_CA_only_20240501.cluster.otus.fa
[05/02/24 16:51:59]: fasttree -nt ECDRE_Y0_1_ASV_CA_only_20240501.OTU.UNITE_ITS1.mafft.fasta
[05/02/24 17:06:41]: Taxonomy finished: ECDRE_Y0_1_ASV_CA_only_20240501.OTU.UNITE_ITS1.taxonomy.txt
[05/02/24 17:06:41]: Classic OTU table with taxonomy: ECDRE_Y0_1_ASV_CA_only_20240501.OTU.UNITE_ITS1.otu_table.taxonomy.txt
[05/02/24 17:06:42]: biom convert -i ECDRE_Y0_1_ASV_CA_only_20240501.cluster.otu_table.txt -o ECDRE_Y0_1_ASV_CA_only_20240501.OTU.UNITE_ITS1.biom.tmp --table-type OTU table --to-json
[05/02/24 17:06:45]: biom add-metadata -i ECDRE_Y0_1_ASV_CA_only_20240501.OTU.UNITE_ITS1.biom.tmp -o ECDRE_Y0_1_ASV_CA_only_20240501.OTU.UNITE_ITS1.biom --observation-metadata-fp ECDRE_Y0_1_ASV_CA_only_20240501.OTU.UNITE_ITS1.qiime.taxonomy.txt --sc-separated taxonomy --output-as-json
[05/02/24 17:06:48]: BIOM OTU table created: ECDRE_Y0_1_ASV_CA_only_20240501.OTU.UNITE_ITS1.biom
[05/02/24 17:06:48]: OTUs with taxonomy: ECDRE_Y0_1_ASV_CA_only_20240501.OTU.UNITE_ITS1.otus.taxonomy.fa
[05/02/24 17:06:48]: OTU phylogeny: ECDRE_Y0_1_ASV_CA_only_20240501.OTU.UNITE_ITS1.tree.phy
