[05/02/24 15:49:58]: /opt/linux/rocky/8.x/x86_64/pkgs/amptk/1.6/bin/amptk taxonomy -f ECDRE_Y0_1_ASV_CA_only_20240501.cluster.otus.fa -i ECDRE_Y0_1_ASV_CA_only_20240501.cluster.otu_table.txt -d ITS -o ECDRE_Y0_1_ASV_CA_only_20240501.OTU.UNITE --cpus 48

[05/02/24 15:49:58]: OS: Rocky Linux 8.8, 64 cores, ~ 528 GB RAM. Python: 3.10.0
[05/02/24 15:49:58]: Python Modules: numpy v1.24.2, pandas v1.5.3, matplotlib v3.7.1, psutil v5.9.4, natsort v8.3.1, biopython v1.81, edlib v1.3.9, biom-format v2.1.14
[05/02/24 15:49:58]: AMPtk v1.6.0, VSEARCH v2.22.1
[05/02/24 15:49:58]: Loading FASTA Records
[05/02/24 15:49:58]: 7,654 OTUs
[05/02/24 15:49:58]: Global alignment OTUs with usearch_global (VSEARCH) against ITS.udb
[05/02/24 15:49:58]: vsearch --usearch_global ECDRE_Y0_1_ASV_CA_only_20240501.cluster.otus.fa --db /bigdata/operations/pkgadmin/opt/linux/centos/8.x/x86_64/pkgs/amptk/1.6/lib/python3.10/site-packages/amptk/DB/ITS.udb --userout ECDRE_Y0_1_ASV_CA_only_20240501.OTU.UNITE.usearch.txt --id 0.7 --strand both --output_no_hits --maxaccepts 500 --top_hits_only --userfields query+target+id --notrunclabels --threads 48
[05/02/24 15:50:43]: vsearch v2.22.1_linux_x86_64, 503.8GB RAM, 64 cores
https://github.com/torognes/vsearch

Reading UDB file /bigdata/operations/pkgadmin/opt/linux/centos/8.x/x86_64/pkgs/amptk/1.6/lib/python3.10/site-packages/amptk/DB/ITS.udb 100%
Reorganizing data in memory 100%
Creating bitmaps 100%
Parsing abundances 100%
1376309086 nt in 4133329 seqs, min 100, max 6778, avg 333
Searching 100%
Matching unique query sequences: 2851 of 7654 (37.25%)

[05/02/24 15:50:43]: Classifying OTUs with SINTAX (VSEARCH)
[05/02/24 15:50:43]: vsearch --sintax ECDRE_Y0_1_ASV_CA_only_20240501.cluster.otus.fa --db /bigdata/operations/pkgadmin/opt/linux/centos/8.x/x86_64/pkgs/amptk/1.6/lib/python3.10/site-packages/amptk/DB/ITS_SINTAX.udb --tabbedout ECDRE_Y0_1_ASV_CA_only_20240501.OTU.UNITE.sintax.txt -sintax_cutoff 0.8 --threads 48 --notrunclabels
[05/02/24 15:50:54]: vsearch v2.22.1_linux_x86_64, 503.8GB RAM, 64 cores
https://github.com/torognes/vsearch

Reading UDB file /bigdata/operations/pkgadmin/opt/linux/centos/8.x/x86_64/pkgs/amptk/1.6/lib/python3.10/site-packages/amptk/DB/ITS_SINTAX.udb 100%
Reorganizing data in memory 100%
Creating bitmaps 100%
Parsing abundances 100%
75856750 nt in 222589 seqs, min 100, max 6778, avg 341
Classifying sequences 100%
Classified 549 of 7654 sequences (7.17%)

[05/02/24 15:50:54]: SINTAX results parsed, resulting in 515 taxonomy predictions
[05/02/24 15:50:55]: Global alignment results parsed, resulting in 7,654 taxonomy predictions
[05/02/24 15:50:55]: Combined OTU taxonomy dictionary contains 7,654 taxonomy predictions
[05/02/24 15:50:55]: Appending taxonomy to OTU table and OTUs
[05/02/24 15:50:56]: Generating phylogenetic tree (MAFFT/FastTree)
[05/02/24 15:50:56]: mafft ECDRE_Y0_1_ASV_CA_only_20240501.cluster.otus.fa
[05/02/24 15:53:50]: fasttree -nt ECDRE_Y0_1_ASV_CA_only_20240501.OTU.UNITE.mafft.fasta
[05/02/24 16:08:44]: Taxonomy finished: ECDRE_Y0_1_ASV_CA_only_20240501.OTU.UNITE.taxonomy.txt
[05/02/24 16:08:44]: Classic OTU table with taxonomy: ECDRE_Y0_1_ASV_CA_only_20240501.OTU.UNITE.otu_table.taxonomy.txt
[05/02/24 16:08:45]: biom convert -i ECDRE_Y0_1_ASV_CA_only_20240501.cluster.otu_table.txt -o ECDRE_Y0_1_ASV_CA_only_20240501.OTU.UNITE.biom.tmp --table-type OTU table --to-json
[05/02/24 16:08:48]: biom add-metadata -i ECDRE_Y0_1_ASV_CA_only_20240501.OTU.UNITE.biom.tmp -o ECDRE_Y0_1_ASV_CA_only_20240501.OTU.UNITE.biom --observation-metadata-fp ECDRE_Y0_1_ASV_CA_only_20240501.OTU.UNITE.qiime.taxonomy.txt --sc-separated taxonomy --output-as-json
[05/02/24 16:08:51]: BIOM OTU table created: ECDRE_Y0_1_ASV_CA_only_20240501.OTU.UNITE.biom
[05/02/24 16:08:51]: OTUs with taxonomy: ECDRE_Y0_1_ASV_CA_only_20240501.OTU.UNITE.otus.taxonomy.fa
[05/02/24 16:08:51]: OTU phylogeny: ECDRE_Y0_1_ASV_CA_only_20240501.OTU.UNITE.tree.phy
